<?xml version="1.0" encoding="UTF-8"?>
<!-- Generated by org.testng.reporters.JUnitReportReporter -->
<testsuite skipped="3" hostname="DESKTOP-OP7UE9K" name="Demo.Web1" tests="4" failures="0" timestamp="2021-01-28T05:29:00 GMT" time="32.520" errors="0">
  <testcase name="testcase2" time="32.520" classname="Demo.Web1"/>
  <system-out/>
  <testcase name="testcase3" classname="Demo.Web1">
    <skipped/>
  </testcase> <!-- testcase3 -->
  <system-out/>
  <testcase name="testcase4" classname="Demo.Web1">
    <skipped/>
  </testcase> <!-- testcase4 -->
  <system-out/>
  <testcase name="testcase1" classname="Demo.Web1">
    <skipped/>
  </testcase> <!-- testcase1 -->
  <system-out/>
</testsuite> <!-- Demo.Web1 -->
